C:\Program Files (x86)\Microsoft Visual Studio\2017\Community\Common7\IDE\VC\VCTargets\Microsoft.CppBuild.targets(391,5): warning MSB8028: The intermediate directory (Debug\) contains files shared from another project (ConsoleApplication1.vcxproj).  This can lead to incorrect clean and rebuild behavior.
  stdafx.cpp
  Collider.cpp
  CollisionManager.cpp
  Game.cpp
e:\work\oldgithub\luacplusplusgame-master\luacplusplusgame-master\c++lua\c++lua\consoleapplication1\game.cpp(53): warning C4018: '<': signed/unsigned mismatch
e:\work\oldgithub\luacplusplusgame-master\luacplusplusgame-master\c++lua\c++lua\consoleapplication1\game.cpp(59): warning C4018: '<': signed/unsigned mismatch
  GameObject.cpp
  KeyHandler.cpp
e:\work\oldgithub\luacplusplusgame-master\luacplusplusgame-master\c++lua\c++lua\consoleapplication1\keyhandler.cpp(110): warning C4018: '<': signed/unsigned mismatch
e:\work\oldgithub\luacplusplusgame-master\luacplusplusgame-master\c++lua\c++lua\consoleapplication1\keyhandler.cpp(127): warning C4018: '<': signed/unsigned mismatch
  main.cpp
  LuaScript.cpp
e:\work\oldgithub\luacplusplusgame-master\luacplusplusgame-master\c++lua\c++lua\consoleapplication1\luascript.cpp(120): warning C4244: 'argument': conversion from 'int' to 'float', possible loss of data
e:\work\oldgithub\luacplusplusgame-master\luacplusplusgame-master\c++lua\c++lua\consoleapplication1\luascript.cpp(183): warning C4244: 'initializing': conversion from 'float' to 'int', possible loss of data
e:\work\oldgithub\luacplusplusgame-master\luacplusplusgame-master\c++lua\c++lua\consoleapplication1\luascript.cpp(184): warning C4244: 'initializing': conversion from 'float' to 'int', possible loss of data
e:\work\oldgithub\luacplusplusgame-master\luacplusplusgame-master\c++lua\c++lua\consoleapplication1\luascript.cpp(186): warning C4244: 'initializing': conversion from 'float' to 'int', possible loss of data
e:\work\oldgithub\luacplusplusgame-master\luacplusplusgame-master\c++lua\c++lua\consoleapplication1\luascript.cpp(187): warning C4244: 'initializing': conversion from 'float' to 'int', possible loss of data
e:\work\oldgithub\luacplusplusgame-master\luacplusplusgame-master\c++lua\c++lua\consoleapplication1\luascript.cpp(189): warning C4244: 'initializing': conversion from 'float' to 'int', possible loss of data
e:\work\oldgithub\luacplusplusgame-master\luacplusplusgame-master\c++lua\c++lua\consoleapplication1\luascript.cpp(190): warning C4244: 'initializing': conversion from 'float' to 'int', possible loss of data
e:\work\oldgithub\luacplusplusgame-master\luacplusplusgame-master\c++lua\c++lua\consoleapplication1\luascript.cpp(198): warning C4244: 'argument': conversion from 'int' to 'float', possible loss of data
e:\work\oldgithub\luacplusplusgame-master\luacplusplusgame-master\c++lua\c++lua\consoleapplication1\luascript.cpp(200): warning C4244: 'argument': conversion from 'int' to 'float', possible loss of data
e:\work\oldgithub\luacplusplusgame-master\luacplusplusgame-master\c++lua\c++lua\consoleapplication1\luascript.cpp(219): warning C4244: 'initializing': conversion from 'float' to 'int', possible loss of data
e:\work\oldgithub\luacplusplusgame-master\luacplusplusgame-master\c++lua\c++lua\consoleapplication1\luascript.cpp(220): warning C4244: 'initializing': conversion from 'float' to 'int', possible loss of data
e:\work\oldgithub\luacplusplusgame-master\luacplusplusgame-master\c++lua\c++lua\consoleapplication1\luascript.cpp(223): warning C4244: 'argument': conversion from 'int' to 'float', possible loss of data
e:\work\oldgithub\luacplusplusgame-master\luacplusplusgame-master\c++lua\c++lua\consoleapplication1\luascript.cpp(236): warning C4244: 'initializing': conversion from 'float' to 'int', possible loss of data
e:\work\oldgithub\luacplusplusgame-master\luacplusplusgame-master\c++lua\c++lua\consoleapplication1\luascript.cpp(248): warning C4244: 'initializing': conversion from 'float' to 'int', possible loss of data
  Generating Code...
e:\work\oldgithub\luacplusplusgame-master\luacplusplusgame-master\c++lua\c++lua\consoleapplication1\luascript.cpp(303): warning C4715: 'LuaScript::ShowDialogue': not all control paths return a value
e:\work\oldgithub\luacplusplusgame-master\luacplusplusgame-master\c++lua\c++lua\consoleapplication1\luascript.cpp(293): warning C4715: 'LuaScript::SetCollisionBox': not all control paths return a value
e:\work\oldgithub\luacplusplusgame-master\luacplusplusgame-master\c++lua\c++lua\consoleapplication1\luascript.cpp(313): warning C4715: 'LuaScript::SetDialogueText': not all control paths return a value
e:\work\oldgithub\luacplusplusgame-master\luacplusplusgame-master\c++lua\c++lua\consoleapplication1\game.cpp(103): warning C4172: returning address of local variable or temporary
  LINK : E:\Work\oldGithub\LuacPlusPlusGame-master\LuacPlusPlusGame-master\c++lua\c++lua\Debug\c++lua.exe not found or not built by the last incremental link; performing full link
  ConsoleApplication1.vcxproj -> E:\Work\oldGithub\LuacPlusPlusGame-master\LuacPlusPlusGame-master\c++lua\c++lua\Debug\c++lua.exe
